{"/Users/sunheal/Bootcamp/FEC/Project-Atelier/config.js": {"path":"/Users/sunheal/Bootcamp/FEC/Project-Atelier/config.js","statementMap":{"0":{"start":{"line":1,"column":14},"end":{"line":1,"column":56}},"1":{"start":{"line":3,"column":0},"end":{"line":3,"column":25}}},"fnMap":{},"branchMap":{},"s":{"0":1,"1":1},"f":{},"b":{},"_coverageSchema":"1a1c01bbd47fc00a2c39e90264f33305004495a9","hash":"3045a44021a96eaad40591a312f015b338c5dca2"}
,"/Users/sunheal/Bootcamp/FEC/Project-Atelier/client/src/components/Q&A/QandA_app.jsx": {"path":"/Users/sunheal/Bootcamp/FEC/Project-Atelier/client/src/components/Q&A/QandA_app.jsx","statementMap":{"0":{"start":{"line":6,"column":15},"end":{"line":6,"column":47}},"1":{"start":{"line":11,"column":4},"end":{"line":11,"column":17}},"2":{"start":{"line":12,"column":4},"end":{"line":21,"column":6}},"3":{"start":{"line":24,"column":8},"end":{"line":28,"column":3}},"4":{"start":{"line":25,"column":4},"end":{"line":27,"column":7}},"5":{"start":{"line":30,"column":12},"end":{"line":34,"column":3}},"6":{"start":{"line":31,"column":4},"end":{"line":33,"column":7}},"7":{"start":{"line":36,"column":16},"end":{"line":42,"column":3}},"8":{"start":{"line":37,"column":19},"end":{"line":37,"column":29}},"9":{"start":{"line":38,"column":4},"end":{"line":38,"column":32}},"10":{"start":{"line":39,"column":4},"end":{"line":41,"column":7}},"11":{"start":{"line":44,"column":17},"end":{"line":56,"column":3}},"12":{"start":{"line":45,"column":4},"end":{"line":45,"column":27}},"13":{"start":{"line":46,"column":27},"end":{"line":46,"column":37}},"14":{"start":{"line":47,"column":4},"end":{"line":47,"column":21}},"15":{"start":{"line":48,"column":4},"end":{"line":55,"column":6}},"16":{"start":{"line":49,"column":6},"end":{"line":49,"column":22}},"17":{"start":{"line":50,"column":6},"end":{"line":54,"column":7}},"18":{"start":{"line":51,"column":8},"end":{"line":53,"column":11}},"19":{"start":{"line":59,"column":4},"end":{"line":117,"column":6}},"20":{"start":{"line":63,"column":51},"end":{"line":63,"column":61}},"21":{"start":{"line":82,"column":36},"end":{"line":82,"column":63}},"22":{"start":{"line":95,"column":37},"end":{"line":95,"column":64}},"23":{"start":{"line":106,"column":36},"end":{"line":106,"column":64}}},"fnMap":{"0":{"name":"(anonymous_0)","decl":{"start":{"line":10,"column":2},"end":{"line":10,"column":3}},"loc":{"start":{"line":10,"column":21},"end":{"line":22,"column":3}},"line":10},"1":{"name":"(anonymous_1)","decl":{"start":{"line":24,"column":8},"end":{"line":24,"column":9}},"loc":{"start":{"line":24,"column":14},"end":{"line":28,"column":3}},"line":24},"2":{"name":"(anonymous_2)","decl":{"start":{"line":30,"column":12},"end":{"line":30,"column":13}},"loc":{"start":{"line":30,"column":18},"end":{"line":34,"column":3}},"line":30},"3":{"name":"(anonymous_3)","decl":{"start":{"line":36,"column":16},"end":{"line":36,"column":17}},"loc":{"start":{"line":36,"column":29},"end":{"line":42,"column":3}},"line":36},"4":{"name":"(anonymous_4)","decl":{"start":{"line":44,"column":17},"end":{"line":44,"column":18}},"loc":{"start":{"line":44,"column":34},"end":{"line":56,"column":3}},"line":44},"5":{"name":"(anonymous_5)","decl":{"start":{"line":48,"column":27},"end":{"line":48,"column":28}},"loc":{"start":{"line":48,"column":36},"end":{"line":55,"column":5}},"line":48},"6":{"name":"(anonymous_6)","decl":{"start":{"line":58,"column":2},"end":{"line":58,"column":3}},"loc":{"start":{"line":58,"column":11},"end":{"line":118,"column":3}},"line":58},"7":{"name":"(anonymous_7)","decl":{"start":{"line":63,"column":45},"end":{"line":63,"column":46}},"loc":{"start":{"line":63,"column":51},"end":{"line":63,"column":61}},"line":63},"8":{"name":"(anonymous_8)","decl":{"start":{"line":82,"column":30},"end":{"line":82,"column":31}},"loc":{"start":{"line":82,"column":36},"end":{"line":82,"column":63}},"line":82},"9":{"name":"(anonymous_9)","decl":{"start":{"line":95,"column":30},"end":{"line":95,"column":31}},"loc":{"start":{"line":95,"column":37},"end":{"line":95,"column":64}},"line":95},"10":{"name":"(anonymous_10)","decl":{"start":{"line":106,"column":30},"end":{"line":106,"column":31}},"loc":{"start":{"line":106,"column":36},"end":{"line":106,"column":64}},"line":106}},"branchMap":{"0":{"loc":{"start":{"line":50,"column":6},"end":{"line":54,"column":7}},"type":"if","locations":[{"start":{"line":50,"column":6},"end":{"line":54,"column":7}},{"start":{},"end":{}}],"line":50},"1":{"loc":{"start":{"line":69,"column":9},"end":{"line":115,"column":9}},"type":"binary-expr","locations":[{"start":{"line":69,"column":9},"end":{"line":69,"column":32}},{"start":{"line":70,"column":10},"end":{"line":114,"column":19}}],"line":69}},"s":{"0":1,"1":1,"2":1,"3":1,"4":0,"5":1,"6":0,"7":1,"8":0,"9":0,"10":0,"11":1,"12":0,"13":0,"14":0,"15":0,"16":0,"17":0,"18":0,"19":1,"20":0,"21":0,"22":0,"23":0},"f":{"0":1,"1":0,"2":0,"3":0,"4":0,"5":0,"6":1,"7":0,"8":0,"9":0,"10":0},"b":{"0":[0,0],"1":[1,0]},"_coverageSchema":"1a1c01bbd47fc00a2c39e90264f33305004495a9","hash":"6b4aca401db534a05cedfb06b8d1e7d5653e23fb"}
,"/Users/sunheal/Bootcamp/FEC/Project-Atelier/client/src/components/Q&A/QuestionsList.jsx": {"path":"/Users/sunheal/Bootcamp/FEC/Project-Atelier/client/src/components/Q&A/QuestionsList.jsx","statementMap":{"0":{"start":{"line":8,"column":13},"end":{"line":8,"column":29}},"1":{"start":{"line":9,"column":16},"end":{"line":11,"column":1}},"2":{"start":{"line":15,"column":4},"end":{"line":15,"column":17}},"3":{"start":{"line":16,"column":4},"end":{"line":20,"column":6}},"4":{"start":{"line":24,"column":4},"end":{"line":33,"column":7}},"5":{"start":{"line":25,"column":6},"end":{"line":25,"column":54}},"6":{"start":{"line":26,"column":22},"end":{"line":26,"column":69}},"7":{"start":{"line":26,"column":54},"end":{"line":26,"column":68}},"8":{"start":{"line":27,"column":6},"end":{"line":27,"column":27}},"9":{"start":{"line":28,"column":6},"end":{"line":32,"column":9}},"10":{"start":{"line":36,"column":13},"end":{"line":49,"column":3}},"11":{"start":{"line":38,"column":26},"end":{"line":38,"column":36}},"12":{"start":{"line":40,"column":29},"end":{"line":44,"column":6}},"13":{"start":{"line":41,"column":6},"end":{"line":43,"column":7}},"14":{"start":{"line":42,"column":8},"end":{"line":42,"column":20}},"15":{"start":{"line":45,"column":4},"end":{"line":47,"column":6}},"16":{"start":{"line":53,"column":4},"end":{"line":60,"column":6}},"17":{"start":{"line":57,"column":10},"end":{"line":57,"column":67}}},"fnMap":{"0":{"name":"(anonymous_0)","decl":{"start":{"line":14,"column":2},"end":{"line":14,"column":3}},"loc":{"start":{"line":14,"column":21},"end":{"line":21,"column":3}},"line":14},"1":{"name":"(anonymous_1)","decl":{"start":{"line":23,"column":2},"end":{"line":23,"column":3}},"loc":{"start":{"line":23,"column":22},"end":{"line":34,"column":3}},"line":23},"2":{"name":"(anonymous_2)","decl":{"start":{"line":24,"column":42},"end":{"line":24,"column":43}},"loc":{"start":{"line":24,"column":51},"end":{"line":33,"column":5}},"line":24},"3":{"name":"(anonymous_3)","decl":{"start":{"line":26,"column":46},"end":{"line":26,"column":47}},"loc":{"start":{"line":26,"column":54},"end":{"line":26,"column":68}},"line":26},"4":{"name":"(anonymous_4)","decl":{"start":{"line":36,"column":13},"end":{"line":36,"column":14}},"loc":{"start":{"line":36,"column":24},"end":{"line":49,"column":3}},"line":36},"5":{"name":"(anonymous_5)","decl":{"start":{"line":40,"column":54},"end":{"line":40,"column":55}},"loc":{"start":{"line":40,"column":64},"end":{"line":44,"column":5}},"line":40},"6":{"name":"(anonymous_6)","decl":{"start":{"line":51,"column":2},"end":{"line":51,"column":3}},"loc":{"start":{"line":51,"column":11},"end":{"line":61,"column":3}},"line":51},"7":{"name":"(anonymous_7)","decl":{"start":{"line":56,"column":41},"end":{"line":56,"column":42}},"loc":{"start":{"line":56,"column":51},"end":{"line":58,"column":9}},"line":56}},"branchMap":{"0":{"loc":{"start":{"line":41,"column":6},"end":{"line":43,"column":7}},"type":"if","locations":[{"start":{"line":41,"column":6},"end":{"line":43,"column":7}},{"start":{},"end":{}}],"line":41}},"s":{"0":1,"1":1,"2":1,"3":1,"4":1,"5":0,"6":0,"7":0,"8":0,"9":0,"10":1,"11":0,"12":0,"13":0,"14":0,"15":0,"16":1,"17":0},"f":{"0":1,"1":1,"2":0,"3":0,"4":0,"5":0,"6":1,"7":0},"b":{"0":[0,0]},"_coverageSchema":"1a1c01bbd47fc00a2c39e90264f33305004495a9","hash":"f16a8fddcf9212f729c41aef6802457e9f83ead9"}
,"/Users/sunheal/Bootcamp/FEC/Project-Atelier/client/src/components/Q&A/window.jsx": {"path":"/Users/sunheal/Bootcamp/FEC/Project-Atelier/client/src/components/Q&A/window.jsx","statementMap":{"0":{"start":{"line":6,"column":4},"end":{"line":6,"column":17}},"1":{"start":{"line":9,"column":4},"end":{"line":16,"column":6}},"2":{"start":{"line":12,"column":48},"end":{"line":12,"column":68}}},"fnMap":{"0":{"name":"(anonymous_0)","decl":{"start":{"line":5,"column":2},"end":{"line":5,"column":3}},"loc":{"start":{"line":5,"column":21},"end":{"line":7,"column":3}},"line":5},"1":{"name":"(anonymous_1)","decl":{"start":{"line":8,"column":2},"end":{"line":8,"column":3}},"loc":{"start":{"line":8,"column":11},"end":{"line":17,"column":3}},"line":8},"2":{"name":"(anonymous_2)","decl":{"start":{"line":12,"column":42},"end":{"line":12,"column":43}},"loc":{"start":{"line":12,"column":48},"end":{"line":12,"column":68}},"line":12}},"branchMap":{},"s":{"0":0,"1":0,"2":0},"f":{"0":0,"1":0,"2":0},"b":{},"_coverageSchema":"1a1c01bbd47fc00a2c39e90264f33305004495a9","hash":"2153f7e620f86151e32125d96722b8d534d7a84b"}
,"/Users/sunheal/Bootcamp/FEC/Project-Atelier/client/src/components/Q&A/QuestionsList/Answers.jsx": {"path":"/Users/sunheal/Bootcamp/FEC/Project-Atelier/client/src/components/Q&A/QuestionsList/Answers.jsx","statementMap":{"0":{"start":{"line":11,"column":4},"end":{"line":11,"column":17}},"1":{"start":{"line":12,"column":4},"end":{"line":17,"column":6}},"2":{"start":{"line":21,"column":4},"end":{"line":23,"column":5}},"3":{"start":{"line":26,"column":11},"end":{"line":41,"column":3}},"4":{"start":{"line":27,"column":29},"end":{"line":27,"column":57}},"5":{"start":{"line":28,"column":29},"end":{"line":28,"column":39}},"6":{"start":{"line":29,"column":4},"end":{"line":34,"column":5}},"7":{"start":{"line":33,"column":6},"end":{"line":33,"column":13}},"8":{"start":{"line":36,"column":4},"end":{"line":36,"column":38}},"9":{"start":{"line":37,"column":4},"end":{"line":37,"column":50}},"10":{"start":{"line":38,"column":4},"end":{"line":40,"column":7}},"11":{"start":{"line":43,"column":13},"end":{"line":50,"column":3}},"12":{"start":{"line":44,"column":40},"end":{"line":44,"column":50}},"13":{"start":{"line":45,"column":4},"end":{"line":45,"column":48}},"14":{"start":{"line":46,"column":4},"end":{"line":49,"column":7}},"15":{"start":{"line":52,"column":8},"end":{"line":57,"column":3}},"16":{"start":{"line":53,"column":4},"end":{"line":56,"column":7}},"17":{"start":{"line":59,"column":12},"end":{"line":63,"column":3}},"18":{"start":{"line":60,"column":4},"end":{"line":62,"column":7}},"19":{"start":{"line":66,"column":23},"end":{"line":66,"column":46}},"20":{"start":{"line":67,"column":4},"end":{"line":67,"column":63}},"21":{"start":{"line":67,"column":32},"end":{"line":67,"column":61}},"22":{"start":{"line":68,"column":4},"end":{"line":118,"column":6}},"23":{"start":{"line":71,"column":23},"end":{"line":71,"column":70}},"24":{"start":{"line":72,"column":10},"end":{"line":115,"column":12}},"25":{"start":{"line":88,"column":20},"end":{"line":96,"column":22}},"26":{"start":{"line":90,"column":39},"end":{"line":90,"column":54}},"27":{"start":{"line":101,"column":60},"end":{"line":101,"column":78}},"28":{"start":{"line":104,"column":57},"end":{"line":104,"column":77}}},"fnMap":{"0":{"name":"(anonymous_0)","decl":{"start":{"line":10,"column":2},"end":{"line":10,"column":3}},"loc":{"start":{"line":10,"column":21},"end":{"line":18,"column":3}},"line":10},"1":{"name":"(anonymous_1)","decl":{"start":{"line":20,"column":2},"end":{"line":20,"column":3}},"loc":{"start":{"line":20,"column":47},"end":{"line":24,"column":3}},"line":20},"2":{"name":"(anonymous_2)","decl":{"start":{"line":26,"column":11},"end":{"line":26,"column":12}},"loc":{"start":{"line":26,"column":22},"end":{"line":41,"column":3}},"line":26},"3":{"name":"(anonymous_3)","decl":{"start":{"line":43,"column":13},"end":{"line":43,"column":14}},"loc":{"start":{"line":43,"column":24},"end":{"line":50,"column":3}},"line":43},"4":{"name":"(anonymous_4)","decl":{"start":{"line":52,"column":8},"end":{"line":52,"column":9}},"loc":{"start":{"line":52,"column":19},"end":{"line":57,"column":3}},"line":52},"5":{"name":"(anonymous_5)","decl":{"start":{"line":59,"column":12},"end":{"line":59,"column":13}},"loc":{"start":{"line":59,"column":18},"end":{"line":63,"column":3}},"line":59},"6":{"name":"(anonymous_6)","decl":{"start":{"line":65,"column":2},"end":{"line":65,"column":3}},"loc":{"start":{"line":65,"column":11},"end":{"line":119,"column":3}},"line":65},"7":{"name":"(anonymous_7)","decl":{"start":{"line":67,"column":22},"end":{"line":67,"column":23}},"loc":{"start":{"line":67,"column":32},"end":{"line":67,"column":61}},"line":67},"8":{"name":"(anonymous_8)","decl":{"start":{"line":70,"column":26},"end":{"line":70,"column":27}},"loc":{"start":{"line":70,"column":43},"end":{"line":116,"column":9}},"line":70},"9":{"name":"(anonymous_9)","decl":{"start":{"line":87,"column":35},"end":{"line":87,"column":36}},"loc":{"start":{"line":87,"column":53},"end":{"line":97,"column":19}},"line":87},"10":{"name":"(anonymous_10)","decl":{"start":{"line":90,"column":33},"end":{"line":90,"column":34}},"loc":{"start":{"line":90,"column":39},"end":{"line":90,"column":54}},"line":90},"11":{"name":"(anonymous_11)","decl":{"start":{"line":101,"column":54},"end":{"line":101,"column":55}},"loc":{"start":{"line":101,"column":60},"end":{"line":101,"column":78}},"line":101},"12":{"name":"(anonymous_12)","decl":{"start":{"line":104,"column":51},"end":{"line":104,"column":52}},"loc":{"start":{"line":104,"column":57},"end":{"line":104,"column":77}},"line":104}},"branchMap":{"0":{"loc":{"start":{"line":14,"column":19},"end":{"line":14,"column":57}},"type":"cond-expr","locations":[{"start":{"line":14,"column":36},"end":{"line":14,"column":46}},{"start":{"line":14,"column":49},"end":{"line":14,"column":57}}],"line":14},"1":{"loc":{"start":{"line":29,"column":4},"end":{"line":34,"column":5}},"type":"if","locations":[{"start":{"line":29,"column":4},"end":{"line":34,"column":5}},{"start":{},"end":{}}],"line":29},"2":{"loc":{"start":{"line":48,"column":8},"end":{"line":48,"column":69}},"type":"cond-expr","locations":[{"start":{"line":48,"column":48},"end":{"line":48,"column":56}},{"start":{"line":48,"column":59},"end":{"line":48,"column":69}}],"line":48},"3":{"loc":{"start":{"line":85,"column":15},"end":{"line":99,"column":15}},"type":"binary-expr","locations":[{"start":{"line":85,"column":15},"end":{"line":85,"column":38}},{"start":{"line":86,"column":16},"end":{"line":98,"column":22}}],"line":85},"4":{"loc":{"start":{"line":109,"column":15},"end":{"line":113,"column":15}},"type":"binary-expr","locations":[{"start":{"line":109,"column":15},"end":{"line":109,"column":39}},{"start":{"line":110,"column":16},"end":{"line":112,"column":25}}],"line":109}},"s":{"0":0,"1":0,"2":0,"3":0,"4":0,"5":0,"6":0,"7":0,"8":0,"9":0,"10":0,"11":0,"12":0,"13":0,"14":0,"15":0,"16":0,"17":0,"18":0,"19":0,"20":0,"21":0,"22":0,"23":0,"24":0,"25":0,"26":0,"27":0,"28":0},"f":{"0":0,"1":0,"2":0,"3":0,"4":0,"5":0,"6":0,"7":0,"8":0,"9":0,"10":0,"11":0,"12":0},"b":{"0":[0,0],"1":[0,0],"2":[0,0],"3":[0,0],"4":[0,0]},"_coverageSchema":"1a1c01bbd47fc00a2c39e90264f33305004495a9","hash":"cbc33f2503730120ede9feba3d97df0a596a6ac3"}
,"/Users/sunheal/Bootcamp/FEC/Project-Atelier/client/src/components/Q&A/QuestionsList/QuestionCard_app.jsx": {"path":"/Users/sunheal/Bootcamp/FEC/Project-Atelier/client/src/components/Q&A/QuestionsList/QuestionCard_app.jsx","statementMap":{"0":{"start":{"line":12,"column":15},"end":{"line":12,"column":50}},"1":{"start":{"line":16,"column":4},"end":{"line":16,"column":17}},"2":{"start":{"line":17,"column":4},"end":{"line":31,"column":6}},"3":{"start":{"line":34,"column":26},"end":{"line":39,"column":3}},"4":{"start":{"line":35,"column":4},"end":{"line":35,"column":60}},"5":{"start":{"line":36,"column":4},"end":{"line":38,"column":7}},"6":{"start":{"line":37,"column":6},"end":{"line":37,"column":42}},"7":{"start":{"line":41,"column":27},"end":{"line":45,"column":3}},"8":{"start":{"line":42,"column":4},"end":{"line":44,"column":7}},"9":{"start":{"line":47,"column":11},"end":{"line":62,"column":3}},"10":{"start":{"line":50,"column":23},"end":{"line":50,"column":33}},"11":{"start":{"line":51,"column":4},"end":{"line":53,"column":5}},"12":{"start":{"line":52,"column":6},"end":{"line":52,"column":13}},"13":{"start":{"line":54,"column":4},"end":{"line":57,"column":6}},"14":{"start":{"line":58,"column":4},"end":{"line":58,"column":42}},"15":{"start":{"line":59,"column":4},"end":{"line":61,"column":7}},"16":{"start":{"line":64,"column":13},"end":{"line":71,"column":3}},"17":{"start":{"line":65,"column":36},"end":{"line":65,"column":46}},"18":{"start":{"line":66,"column":4},"end":{"line":66,"column":40}},"19":{"start":{"line":67,"column":4},"end":{"line":70,"column":7}},"20":{"start":{"line":73,"column":18},"end":{"line":78,"column":3}},"21":{"start":{"line":74,"column":4},"end":{"line":77,"column":7}},"22":{"start":{"line":80,"column":12},"end":{"line":84,"column":3}},"23":{"start":{"line":81,"column":4},"end":{"line":83,"column":7}},"24":{"start":{"line":86,"column":14},"end":{"line":97,"column":3}},"25":{"start":{"line":87,"column":18},"end":{"line":87,"column":51}},"26":{"start":{"line":89,"column":4},"end":{"line":96,"column":5}},"27":{"start":{"line":90,"column":6},"end":{"line":90,"column":45}},"28":{"start":{"line":92,"column":6},"end":{"line":95,"column":9}},"29":{"start":{"line":110,"column":18},"end":{"line":117,"column":5}},"30":{"start":{"line":119,"column":25},"end":{"line":124,"column":6}},"31":{"start":{"line":120,"column":19},"end":{"line":120,"column":33}},"32":{"start":{"line":121,"column":6},"end":{"line":121,"column":33}},"33":{"start":{"line":122,"column":6},"end":{"line":122,"column":26}},"34":{"start":{"line":123,"column":6},"end":{"line":123,"column":37}},"35":{"start":{"line":126,"column":4},"end":{"line":126,"column":37}},"36":{"start":{"line":129,"column":16},"end":{"line":136,"column":3}},"37":{"start":{"line":131,"column":21},"end":{"line":131,"column":31}},"38":{"start":{"line":132,"column":4},"end":{"line":132,"column":32}},"39":{"start":{"line":133,"column":4},"end":{"line":135,"column":7}},"40":{"start":{"line":138,"column":17},"end":{"line":157,"column":3}},"41":{"start":{"line":139,"column":4},"end":{"line":139,"column":27}},"42":{"start":{"line":141,"column":41},"end":{"line":141,"column":51}},"43":{"start":{"line":142,"column":17},"end":{"line":142,"column":19}},"44":{"start":{"line":143,"column":19},"end":{"line":143,"column":21}},"45":{"start":{"line":144,"column":4},"end":{"line":146,"column":5}},"46":{"start":{"line":145,"column":6},"end":{"line":145,"column":62}},"47":{"start":{"line":147,"column":4},"end":{"line":147,"column":64}},"48":{"start":{"line":147,"column":38},"end":{"line":147,"column":62}},"49":{"start":{"line":148,"column":4},"end":{"line":148,"column":25}},"50":{"start":{"line":149,"column":4},"end":{"line":156,"column":7}},"51":{"start":{"line":150,"column":6},"end":{"line":154,"column":7}},"52":{"start":{"line":151,"column":8},"end":{"line":153,"column":11}},"53":{"start":{"line":160,"column":61},"end":{"line":160,"column":71}},"54":{"start":{"line":162,"column":6},"end":{"line":162,"column":16}},"55":{"start":{"line":163,"column":22},"end":{"line":165,"column":5}},"56":{"start":{"line":167,"column":4},"end":{"line":254,"column":6}},"57":{"start":{"line":175,"column":53},"end":{"line":175,"column":73}},"58":{"start":{"line":196,"column":39},"end":{"line":196,"column":66}},"59":{"start":{"line":215,"column":39},"end":{"line":215,"column":66}},"60":{"start":{"line":226,"column":39},"end":{"line":226,"column":67}}},"fnMap":{"0":{"name":"(anonymous_0)","decl":{"start":{"line":15,"column":2},"end":{"line":15,"column":3}},"loc":{"start":{"line":15,"column":21},"end":{"line":32,"column":3}},"line":15},"1":{"name":"(anonymous_1)","decl":{"start":{"line":34,"column":26},"end":{"line":34,"column":27}},"loc":{"start":{"line":34,"column":32},"end":{"line":39,"column":3}},"line":34},"2":{"name":"(anonymous_2)","decl":{"start":{"line":36,"column":70},"end":{"line":36,"column":71}},"loc":{"start":{"line":36,"column":76},"end":{"line":38,"column":5}},"line":36},"3":{"name":"(anonymous_3)","decl":{"start":{"line":41,"column":27},"end":{"line":41,"column":28}},"loc":{"start":{"line":41,"column":33},"end":{"line":45,"column":3}},"line":41},"4":{"name":"(anonymous_4)","decl":{"start":{"line":47,"column":11},"end":{"line":47,"column":12}},"loc":{"start":{"line":47,"column":17},"end":{"line":62,"column":3}},"line":47},"5":{"name":"(anonymous_5)","decl":{"start":{"line":64,"column":13},"end":{"line":64,"column":14}},"loc":{"start":{"line":64,"column":19},"end":{"line":71,"column":3}},"line":64},"6":{"name":"(anonymous_6)","decl":{"start":{"line":73,"column":18},"end":{"line":73,"column":19}},"loc":{"start":{"line":73,"column":24},"end":{"line":78,"column":3}},"line":73},"7":{"name":"(anonymous_7)","decl":{"start":{"line":80,"column":12},"end":{"line":80,"column":13}},"loc":{"start":{"line":80,"column":18},"end":{"line":84,"column":3}},"line":80},"8":{"name":"(anonymous_8)","decl":{"start":{"line":86,"column":14},"end":{"line":86,"column":15}},"loc":{"start":{"line":86,"column":25},"end":{"line":97,"column":3}},"line":86},"9":{"name":"(anonymous_9)","decl":{"start":{"line":109,"column":2},"end":{"line":109,"column":3}},"loc":{"start":{"line":109,"column":35},"end":{"line":127,"column":3}},"line":109},"10":{"name":"(anonymous_10)","decl":{"start":{"line":119,"column":41},"end":{"line":119,"column":42}},"loc":{"start":{"line":119,"column":51},"end":{"line":124,"column":5}},"line":119},"11":{"name":"(anonymous_11)","decl":{"start":{"line":129,"column":16},"end":{"line":129,"column":17}},"loc":{"start":{"line":129,"column":29},"end":{"line":136,"column":3}},"line":129},"12":{"name":"(anonymous_12)","decl":{"start":{"line":138,"column":17},"end":{"line":138,"column":18}},"loc":{"start":{"line":138,"column":34},"end":{"line":157,"column":3}},"line":138},"13":{"name":"(anonymous_13)","decl":{"start":{"line":147,"column":28},"end":{"line":147,"column":29}},"loc":{"start":{"line":147,"column":38},"end":{"line":147,"column":62}},"line":147},"14":{"name":"(anonymous_14)","decl":{"start":{"line":149,"column":47},"end":{"line":149,"column":48}},"loc":{"start":{"line":149,"column":56},"end":{"line":156,"column":5}},"line":149},"15":{"name":"(anonymous_15)","decl":{"start":{"line":159,"column":2},"end":{"line":159,"column":3}},"loc":{"start":{"line":159,"column":11},"end":{"line":255,"column":3}},"line":159},"16":{"name":"(anonymous_16)","decl":{"start":{"line":175,"column":47},"end":{"line":175,"column":48}},"loc":{"start":{"line":175,"column":53},"end":{"line":175,"column":73}},"line":175},"17":{"name":"(anonymous_17)","decl":{"start":{"line":196,"column":32},"end":{"line":196,"column":33}},"loc":{"start":{"line":196,"column":39},"end":{"line":196,"column":66}},"line":196},"18":{"name":"(anonymous_18)","decl":{"start":{"line":215,"column":32},"end":{"line":215,"column":33}},"loc":{"start":{"line":215,"column":39},"end":{"line":215,"column":66}},"line":215},"19":{"name":"(anonymous_19)","decl":{"start":{"line":226,"column":32},"end":{"line":226,"column":33}},"loc":{"start":{"line":226,"column":39},"end":{"line":226,"column":67}},"line":226}},"branchMap":{"0":{"loc":{"start":{"line":21,"column":19},"end":{"line":21,"column":57}},"type":"cond-expr","locations":[{"start":{"line":21,"column":36},"end":{"line":21,"column":46}},{"start":{"line":21,"column":49},"end":{"line":21,"column":57}}],"line":21},"1":{"loc":{"start":{"line":51,"column":4},"end":{"line":53,"column":5}},"type":"if","locations":[{"start":{"line":51,"column":4},"end":{"line":53,"column":5}},{"start":{},"end":{}}],"line":51},"2":{"loc":{"start":{"line":69,"column":8},"end":{"line":69,"column":69}},"type":"cond-expr","locations":[{"start":{"line":69,"column":48},"end":{"line":69,"column":56}},{"start":{"line":69,"column":59},"end":{"line":69,"column":69}}],"line":69},"3":{"loc":{"start":{"line":89,"column":4},"end":{"line":96,"column":5}},"type":"if","locations":[{"start":{"line":89,"column":4},"end":{"line":96,"column":5}},{"start":{"line":91,"column":11},"end":{"line":96,"column":5}}],"line":89},"4":{"loc":{"start":{"line":144,"column":4},"end":{"line":146,"column":5}},"type":"if","locations":[{"start":{"line":144,"column":4},"end":{"line":146,"column":5}},{"start":{},"end":{}}],"line":144},"5":{"loc":{"start":{"line":150,"column":6},"end":{"line":154,"column":7}},"type":"if","locations":[{"start":{"line":150,"column":6},"end":{"line":154,"column":7}},{"start":{},"end":{}}],"line":150},"6":{"loc":{"start":{"line":183,"column":11},"end":{"line":235,"column":11}},"type":"binary-expr","locations":[{"start":{"line":183,"column":11},"end":{"line":183,"column":32}},{"start":{"line":184,"column":12},"end":{"line":234,"column":21}}],"line":183},"7":{"loc":{"start":{"line":238,"column":9},"end":{"line":252,"column":9}},"type":"cond-expr","locations":[{"start":{"line":239,"column":10},"end":{"line":244,"column":19}},{"start":{"line":246,"column":10},"end":{"line":251,"column":19}}],"line":238}},"s":{"0":1,"1":0,"2":0,"3":0,"4":0,"5":0,"6":0,"7":0,"8":0,"9":0,"10":0,"11":0,"12":0,"13":0,"14":0,"15":0,"16":0,"17":0,"18":0,"19":0,"20":0,"21":0,"22":0,"23":0,"24":0,"25":0,"26":0,"27":0,"28":0,"29":0,"30":0,"31":0,"32":0,"33":0,"34":0,"35":0,"36":0,"37":0,"38":0,"39":0,"40":0,"41":0,"42":0,"43":0,"44":0,"45":0,"46":0,"47":0,"48":0,"49":0,"50":0,"51":0,"52":0,"53":0,"54":0,"55":0,"56":0,"57":0,"58":0,"59":0,"60":0},"f":{"0":0,"1":0,"2":0,"3":0,"4":0,"5":0,"6":0,"7":0,"8":0,"9":0,"10":0,"11":0,"12":0,"13":0,"14":0,"15":0,"16":0,"17":0,"18":0,"19":0},"b":{"0":[0,0],"1":[0,0],"2":[0,0],"3":[0,0],"4":[0,0],"5":[0,0],"6":[0,0],"7":[0,0]},"_coverageSchema":"1a1c01bbd47fc00a2c39e90264f33305004495a9","hash":"d1a7a3d15d8957c8e27d55395a0da5d29cbb26c6"}
,"/Users/sunheal/Bootcamp/FEC/Project-Atelier/client/src/components/Q&A/QuestionsList/search-bar/SearchBar.jsx": {"path":"/Users/sunheal/Bootcamp/FEC/Project-Atelier/client/src/components/Q&A/QuestionsList/search-bar/SearchBar.jsx","statementMap":{"0":{"start":{"line":8,"column":18},"end":{"line":39,"column":1}},"1":{"start":{"line":9,"column":19},"end":{"line":9,"column":31}},"2":{"start":{"line":13,"column":28},"end":{"line":21,"column":3}},"3":{"start":{"line":15,"column":18},"end":{"line":15,"column":40}},"4":{"start":{"line":16,"column":4},"end":{"line":20,"column":5}},"5":{"start":{"line":17,"column":6},"end":{"line":17,"column":28}},"6":{"start":{"line":19,"column":6},"end":{"line":19,"column":25}},"7":{"start":{"line":27,"column":2},"end":{"line":38,"column":4}}},"fnMap":{"0":{"name":"(anonymous_0)","decl":{"start":{"line":8,"column":18},"end":{"line":8,"column":19}},"loc":{"start":{"line":8,"column":29},"end":{"line":39,"column":1}},"line":8},"1":{"name":"(anonymous_1)","decl":{"start":{"line":13,"column":28},"end":{"line":13,"column":29}},"loc":{"start":{"line":13,"column":34},"end":{"line":21,"column":3}},"line":13}},"branchMap":{"0":{"loc":{"start":{"line":16,"column":4},"end":{"line":20,"column":5}},"type":"if","locations":[{"start":{"line":16,"column":4},"end":{"line":20,"column":5}},{"start":{"line":18,"column":11},"end":{"line":20,"column":5}}],"line":16}},"s":{"0":1,"1":1,"2":1,"3":0,"4":0,"5":0,"6":0,"7":1},"f":{"0":1,"1":0},"b":{"0":[0,0]},"_coverageSchema":"1a1c01bbd47fc00a2c39e90264f33305004495a9","hash":"97f0ee3dcee16a82693b9a8589e1ea478a2db616"}
,"/Users/sunheal/Bootcamp/FEC/Project-Atelier/client/src/components/Ratings&Reviews/breakdowns.jsx": {"path":"/Users/sunheal/Bootcamp/FEC/Project-Atelier/client/src/components/Ratings&Reviews/breakdowns.jsx","statementMap":{"0":{"start":{"line":6,"column":8},"end":{"line":6,"column":21}},"1":{"start":{"line":7,"column":8},"end":{"line":9,"column":9}},"2":{"start":{"line":16,"column":19},"end":{"line":16,"column":21}},"3":{"start":{"line":17,"column":8},"end":{"line":61,"column":9}},"4":{"start":{"line":22,"column":34},"end":{"line":22,"column":45}},"5":{"start":{"line":23,"column":20},"end":{"line":23,"column":51}},"6":{"start":{"line":24,"column":20},"end":{"line":30,"column":21}}},"fnMap":{"0":{"name":"(anonymous_0)","decl":{"start":{"line":5,"column":6},"end":{"line":5,"column":7}},"loc":{"start":{"line":5,"column":25},"end":{"line":10,"column":5}},"line":5},"1":{"name":"(anonymous_1)","decl":{"start":{"line":13,"column":4},"end":{"line":13,"column":5}},"loc":{"start":{"line":13,"column":13},"end":{"line":62,"column":5}},"line":13},"2":{"name":"(anonymous_2)","decl":{"start":{"line":21,"column":35},"end":{"line":21,"column":36}},"loc":{"start":{"line":21,"column":49},"end":{"line":31,"column":17}},"line":21}},"branchMap":{"0":{"loc":{"start":{"line":28,"column":28},"end":{"line":28,"column":198}},"type":"cond-expr","locations":[{"start":{"line":28,"column":56},"end":{"line":28,"column":191}},{"start":{"line":28,"column":194},"end":{"line":28,"column":198}}],"line":28},"1":{"loc":{"start":{"line":33,"column":17},"end":{"line":44,"column":17}},"type":"cond-expr","locations":[{"start":{"line":33,"column":53},"end":{"line":33,"column":57}},{"start":{"line":33,"column":60},"end":{"line":43,"column":22}}],"line":33},"2":{"loc":{"start":{"line":33,"column":60},"end":{"line":43,"column":22}},"type":"cond-expr","locations":[{"start":{"line":33,"column":100},"end":{"line":33,"column":104}},{"start":{"line":34,"column":16},"end":{"line":43,"column":22}}],"line":33},"3":{"loc":{"start":{"line":47,"column":15},"end":{"line":57,"column":15}},"type":"cond-expr","locations":[{"start":{"line":47,"column":51},"end":{"line":47,"column":55}},{"start":{"line":47,"column":58},"end":{"line":56,"column":22}}],"line":47},"4":{"loc":{"start":{"line":47,"column":58},"end":{"line":56,"column":22}},"type":"cond-expr","locations":[{"start":{"line":47,"column":101},"end":{"line":47,"column":105}},{"start":{"line":48,"column":16},"end":{"line":56,"column":22}}],"line":47}},"s":{"0":4,"1":4,"2":4,"3":4,"4":20,"5":20,"6":20},"f":{"0":4,"1":4,"2":20},"b":{"0":[20,0],"1":[0,0],"2":[0,0],"3":[0,0],"4":[0,0]},"_coverageSchema":"1a1c01bbd47fc00a2c39e90264f33305004495a9","hash":"823bc9272f14e87c9948d6223247ed1415e108f5"}
,"/Users/sunheal/Bootcamp/FEC/Project-Atelier/client/src/components/Shared/Stars.jsx": {"path":"/Users/sunheal/Bootcamp/FEC/Project-Atelier/client/src/components/Shared/Stars.jsx","statementMap":{"0":{"start":{"line":3,"column":14},"end":{"line":38,"column":1}},"1":{"start":{"line":4,"column":18},"end":{"line":4,"column":40}},"2":{"start":{"line":6,"column":25},"end":{"line":8,"column":3}},"3":{"start":{"line":10,"column":20},"end":{"line":18,"column":3}},"4":{"start":{"line":20,"column":25},"end":{"line":26,"column":3}},"5":{"start":{"line":28,"column":2},"end":{"line":37,"column":3}},"6":{"start":{"line":29,"column":4},"end":{"line":29,"column":16}},"7":{"start":{"line":31,"column":4},"end":{"line":36,"column":5}}},"fnMap":{"0":{"name":"(anonymous_0)","decl":{"start":{"line":3,"column":14},"end":{"line":3,"column":15}},"loc":{"start":{"line":3,"column":25},"end":{"line":38,"column":1}},"line":3}},"branchMap":{"0":{"loc":{"start":{"line":28,"column":2},"end":{"line":37,"column":3}},"type":"if","locations":[{"start":{"line":28,"column":2},"end":{"line":37,"column":3}},{"start":{"line":30,"column":9},"end":{"line":37,"column":3}}],"line":28}},"s":{"0":1,"1":0,"2":0,"3":0,"4":0,"5":0,"6":0,"7":0},"f":{"0":0},"b":{"0":[0,0]},"_coverageSchema":"1a1c01bbd47fc00a2c39e90264f33305004495a9","hash":"5616b2ba52414e32577670cab689d605e65e69f0"}
,"/Users/sunheal/Bootcamp/FEC/Project-Atelier/client/src/components/overview/ProductInformation.jsx": {"path":"/Users/sunheal/Bootcamp/FEC/Project-Atelier/client/src/components/overview/ProductInformation.jsx","statementMap":{"0":{"start":{"line":3,"column":27},"end":{"line":15,"column":1}},"1":{"start":{"line":4,"column":2},"end":{"line":14,"column":4}}},"fnMap":{"0":{"name":"(anonymous_0)","decl":{"start":{"line":3,"column":27},"end":{"line":3,"column":28}},"loc":{"start":{"line":3,"column":38},"end":{"line":15,"column":1}},"line":3}},"branchMap":{},"s":{"0":1,"1":1},"f":{"0":1},"b":{},"_coverageSchema":"1a1c01bbd47fc00a2c39e90264f33305004495a9","hash":"4c1a54f341609e693207d27636329aea053f986e"}
,"/Users/sunheal/Bootcamp/FEC/Project-Atelier/client/src/components/relatedProduct/Modal.jsx": {"path":"/Users/sunheal/Bootcamp/FEC/Project-Atelier/client/src/components/relatedProduct/Modal.jsx","statementMap":{"0":{"start":{"line":14,"column":4},"end":{"line":14,"column":17}},"1":{"start":{"line":15,"column":4},"end":{"line":19,"column":5}},"2":{"start":{"line":23,"column":41},"end":{"line":23,"column":51}},"3":{"start":{"line":24,"column":25},"end":{"line":24,"column":27}},"4":{"start":{"line":25,"column":4},"end":{"line":30,"column":6}},"5":{"start":{"line":26,"column":6},"end":{"line":29,"column":7}},"6":{"start":{"line":31,"column":4},"end":{"line":40,"column":6}},"7":{"start":{"line":32,"column":6},"end":{"line":39,"column":7}},"8":{"start":{"line":33,"column":8},"end":{"line":33,"column":59}},"9":{"start":{"line":35,"column":8},"end":{"line":38,"column":9}},"10":{"start":{"line":42,"column":4},"end":{"line":67,"column":14}},"11":{"start":{"line":56,"column":16},"end":{"line":60,"column":21}}},"fnMap":{"0":{"name":"(anonymous_0)","decl":{"start":{"line":13,"column":2},"end":{"line":13,"column":3}},"loc":{"start":{"line":13,"column":21},"end":{"line":20,"column":3}},"line":13},"1":{"name":"(anonymous_1)","decl":{"start":{"line":22,"column":2},"end":{"line":22,"column":3}},"loc":{"start":{"line":22,"column":11},"end":{"line":68,"column":3}},"line":22},"2":{"name":"(anonymous_2)","decl":{"start":{"line":25,"column":41},"end":{"line":25,"column":42}},"loc":{"start":{"line":25,"column":49},"end":{"line":30,"column":5}},"line":25},"3":{"name":"(anonymous_3)","decl":{"start":{"line":31,"column":41},"end":{"line":31,"column":42}},"loc":{"start":{"line":31,"column":49},"end":{"line":40,"column":5}},"line":31},"4":{"name":"(anonymous_4)","decl":{"start":{"line":55,"column":46},"end":{"line":55,"column":47}},"loc":{"start":{"line":56,"column":16},"end":{"line":60,"column":21}},"line":56}},"branchMap":{"0":{"loc":{"start":{"line":32,"column":6},"end":{"line":39,"column":7}},"type":"if","locations":[{"start":{"line":32,"column":6},"end":{"line":39,"column":7}},{"start":{"line":34,"column":13},"end":{"line":39,"column":7}}],"line":32},"1":{"loc":{"start":{"line":57,"column":23},"end":{"line":57,"column":77}},"type":"cond-expr","locations":[{"start":{"line":57,"column":61},"end":{"line":57,"column":69}},{"start":{"line":57,"column":72},"end":{"line":57,"column":77}}],"line":57},"2":{"loc":{"start":{"line":59,"column":23},"end":{"line":59,"column":74}},"type":"cond-expr","locations":[{"start":{"line":59,"column":58},"end":{"line":59,"column":66}},{"start":{"line":59,"column":69},"end":{"line":59,"column":74}}],"line":59}},"s":{"0":0,"1":0,"2":0,"3":0,"4":0,"5":0,"6":0,"7":0,"8":0,"9":0,"10":0,"11":0},"f":{"0":0,"1":0,"2":0,"3":0,"4":0},"b":{"0":[0,0],"1":[0,0],"2":[0,0]},"_coverageSchema":"1a1c01bbd47fc00a2c39e90264f33305004495a9","hash":"f23fd727957b8a7126ba95d60f5ab9ef83ff4d5b"}
,"/Users/sunheal/Bootcamp/FEC/Project-Atelier/client/src/components/relatedProduct/OutfitList.jsx": {"path":"/Users/sunheal/Bootcamp/FEC/Project-Atelier/client/src/components/relatedProduct/OutfitList.jsx","statementMap":{"0":{"start":{"line":14,"column":4},"end":{"line":14,"column":17}},"1":{"start":{"line":15,"column":4},"end":{"line":20,"column":6}},"2":{"start":{"line":21,"column":4},"end":{"line":21,"column":47}},"3":{"start":{"line":22,"column":4},"end":{"line":22,"column":53}},"4":{"start":{"line":23,"column":4},"end":{"line":23,"column":45}},"5":{"start":{"line":24,"column":4},"end":{"line":24,"column":47}},"6":{"start":{"line":28,"column":15},"end":{"line":28,"column":36}},"7":{"start":{"line":29,"column":4},"end":{"line":40,"column":5}},"8":{"start":{"line":30,"column":6},"end":{"line":30,"column":109}},"9":{"start":{"line":31,"column":6},"end":{"line":31,"column":65}},"10":{"start":{"line":32,"column":6},"end":{"line":35,"column":8}},"11":{"start":{"line":37,"column":6},"end":{"line":39,"column":8}},"12":{"start":{"line":44,"column":13},"end":{"line":44,"column":24}},"13":{"start":{"line":45,"column":15},"end":{"line":45,"column":36}},"14":{"start":{"line":46,"column":16},"end":{"line":46,"column":32}},"15":{"start":{"line":47,"column":4},"end":{"line":47,"column":26}},"16":{"start":{"line":48,"column":4},"end":{"line":48,"column":32}},"17":{"start":{"line":49,"column":4},"end":{"line":52,"column":6}},"18":{"start":{"line":56,"column":22},"end":{"line":56,"column":54}},"19":{"start":{"line":57,"column":19},"end":{"line":57,"column":47}},"20":{"start":{"line":58,"column":4},"end":{"line":61,"column":7}},"21":{"start":{"line":65,"column":22},"end":{"line":65,"column":54}},"22":{"start":{"line":66,"column":19},"end":{"line":66,"column":47}},"23":{"start":{"line":67,"column":4},"end":{"line":70,"column":7}},"24":{"start":{"line":74,"column":62},"end":{"line":74,"column":72}},"25":{"start":{"line":75,"column":70},"end":{"line":75,"column":80}},"26":{"start":{"line":77,"column":18},"end":{"line":77,"column":20}},"27":{"start":{"line":78,"column":4},"end":{"line":81,"column":6}},"28":{"start":{"line":79,"column":23},"end":{"line":79,"column":66}},"29":{"start":{"line":80,"column":6},"end":{"line":80,"column":31}},"30":{"start":{"line":84,"column":4},"end":{"line":109,"column":6}},"31":{"start":{"line":102,"column":16},"end":{"line":102,"column":135}}},"fnMap":{"0":{"name":"(anonymous_0)","decl":{"start":{"line":13,"column":2},"end":{"line":13,"column":3}},"loc":{"start":{"line":13,"column":21},"end":{"line":25,"column":3}},"line":13},"1":{"name":"(anonymous_1)","decl":{"start":{"line":27,"column":2},"end":{"line":27,"column":3}},"loc":{"start":{"line":27,"column":14},"end":{"line":41,"column":3}},"line":27},"2":{"name":"(anonymous_2)","decl":{"start":{"line":43,"column":2},"end":{"line":43,"column":3}},"loc":{"start":{"line":43,"column":18},"end":{"line":53,"column":3}},"line":43},"3":{"name":"(anonymous_3)","decl":{"start":{"line":55,"column":2},"end":{"line":55,"column":3}},"loc":{"start":{"line":55,"column":14},"end":{"line":62,"column":3}},"line":55},"4":{"name":"(anonymous_4)","decl":{"start":{"line":64,"column":2},"end":{"line":64,"column":3}},"loc":{"start":{"line":64,"column":13},"end":{"line":71,"column":3}},"line":64},"5":{"name":"(anonymous_5)","decl":{"start":{"line":73,"column":2},"end":{"line":73,"column":3}},"loc":{"start":{"line":73,"column":11},"end":{"line":110,"column":3}},"line":73},"6":{"name":"(anonymous_6)","decl":{"start":{"line":78,"column":19},"end":{"line":78,"column":20}},"loc":{"start":{"line":78,"column":32},"end":{"line":81,"column":5}},"line":78},"7":{"name":"(anonymous_7)","decl":{"start":{"line":101,"column":27},"end":{"line":101,"column":28}},"loc":{"start":{"line":102,"column":16},"end":{"line":102,"column":135}},"line":102}},"branchMap":{"0":{"loc":{"start":{"line":17,"column":18},"end":{"line":17,"column":49}},"type":"binary-expr","locations":[{"start":{"line":17,"column":18},"end":{"line":17,"column":43}},{"start":{"line":17,"column":47},"end":{"line":17,"column":49}}],"line":17},"1":{"loc":{"start":{"line":29,"column":4},"end":{"line":40,"column":5}},"type":"if","locations":[{"start":{"line":29,"column":4},"end":{"line":40,"column":5}},{"start":{"line":36,"column":11},"end":{"line":40,"column":5}}],"line":29},"2":{"loc":{"start":{"line":29,"column":8},"end":{"line":29,"column":93}},"type":"binary-expr","locations":[{"start":{"line":29,"column":8},"end":{"line":29,"column":29}},{"start":{"line":29,"column":33},"end":{"line":29,"column":93}}],"line":29},"3":{"loc":{"start":{"line":95,"column":13},"end":{"line":95,"column":123}},"type":"cond-expr","locations":[{"start":{"line":95,"column":35},"end":{"line":95,"column":39}},{"start":{"line":95,"column":42},"end":{"line":95,"column":123}}],"line":95},"4":{"loc":{"start":{"line":97,"column":15},"end":{"line":99,"column":22}},"type":"cond-expr","locations":[{"start":{"line":98,"column":16},"end":{"line":98,"column":48}},{"start":{"line":99,"column":18},"end":{"line":99,"column":22}}],"line":97},"5":{"loc":{"start":{"line":105,"column":13},"end":{"line":105,"column":171}},"type":"cond-expr","locations":[{"start":{"line":105,"column":80},"end":{"line":105,"column":84}},{"start":{"line":105,"column":87},"end":{"line":105,"column":171}}],"line":105},"6":{"loc":{"start":{"line":105,"column":13},"end":{"line":105,"column":77}},"type":"binary-expr","locations":[{"start":{"line":105,"column":13},"end":{"line":105,"column":52}},{"start":{"line":105,"column":56},"end":{"line":105,"column":77}}],"line":105}},"s":{"0":2,"1":2,"2":2,"3":2,"4":2,"5":2,"6":0,"7":0,"8":0,"9":0,"10":0,"11":0,"12":0,"13":0,"14":0,"15":0,"16":0,"17":0,"18":0,"19":0,"20":0,"21":0,"22":0,"23":0,"24":2,"25":2,"26":2,"27":2,"28":0,"29":0,"30":2,"31":0},"f":{"0":2,"1":0,"2":0,"3":0,"4":0,"5":2,"6":0,"7":0},"b":{"0":[2,0],"1":[0,0],"2":[0,0],"3":[2,0],"4":[2,0],"5":[2,0],"6":[2,2]},"_coverageSchema":"1a1c01bbd47fc00a2c39e90264f33305004495a9","hash":"5d10845f3c6e5730a1db45e592fc9f252c39b996"}
,"/Users/sunheal/Bootcamp/FEC/Project-Atelier/client/src/components/relatedProduct/ProductCard.jsx": {"path":"/Users/sunheal/Bootcamp/FEC/Project-Atelier/client/src/components/relatedProduct/ProductCard.jsx","statementMap":{"0":{"start":{"line":12,"column":4},"end":{"line":12,"column":17}},"1":{"start":{"line":13,"column":4},"end":{"line":24,"column":6}},"2":{"start":{"line":25,"column":4},"end":{"line":25,"column":61}},"3":{"start":{"line":29,"column":4},"end":{"line":29,"column":27}},"4":{"start":{"line":30,"column":4},"end":{"line":30,"column":29}},"5":{"start":{"line":34,"column":4},"end":{"line":54,"column":9}},"6":{"start":{"line":36,"column":22},"end":{"line":36,"column":41}},"7":{"start":{"line":37,"column":27},"end":{"line":37,"column":29}},"8":{"start":{"line":38,"column":8},"end":{"line":43,"column":9}},"9":{"start":{"line":38,"column":21},"end":{"line":38,"column":22}},"10":{"start":{"line":39,"column":10},"end":{"line":42,"column":11}},"11":{"start":{"line":40,"column":12},"end":{"line":40,"column":38}},"12":{"start":{"line":41,"column":12},"end":{"line":41,"column":18}},"13":{"start":{"line":44,"column":8},"end":{"line":46,"column":9}},"14":{"start":{"line":45,"column":10},"end":{"line":45,"column":36}},"15":{"start":{"line":47,"column":8},"end":{"line":50,"column":10}},"16":{"start":{"line":53,"column":8},"end":{"line":53,"column":75}},"17":{"start":{"line":58,"column":4},"end":{"line":77,"column":8}},"18":{"start":{"line":61,"column":22},"end":{"line":61,"column":43}},"19":{"start":{"line":62,"column":8},"end":{"line":73,"column":9}},"20":{"start":{"line":63,"column":22},"end":{"line":63,"column":23}},"21":{"start":{"line":64,"column":23},"end":{"line":64,"column":24}},"22":{"start":{"line":65,"column":10},"end":{"line":68,"column":11}},"23":{"start":{"line":66,"column":12},"end":{"line":66,"column":62}},"24":{"start":{"line":67,"column":12},"end":{"line":67,"column":45}},"25":{"start":{"line":69,"column":24},"end":{"line":69,"column":38}},"26":{"start":{"line":70,"column":10},"end":{"line":72,"column":12}},"27":{"start":{"line":76,"column":8},"end":{"line":76,"column":59}},"28":{"start":{"line":81,"column":4},"end":{"line":81,"column":25}},"29":{"start":{"line":82,"column":4},"end":{"line":82,"column":88}},"30":{"start":{"line":86,"column":57},"end":{"line":86,"column":67}},"31":{"start":{"line":87,"column":89},"end":{"line":87,"column":99}},"32":{"start":{"line":88,"column":4},"end":{"line":108,"column":6}}},"fnMap":{"0":{"name":"(anonymous_0)","decl":{"start":{"line":11,"column":2},"end":{"line":11,"column":3}},"loc":{"start":{"line":11,"column":21},"end":{"line":26,"column":3}},"line":11},"1":{"name":"(anonymous_1)","decl":{"start":{"line":28,"column":2},"end":{"line":28,"column":3}},"loc":{"start":{"line":28,"column":22},"end":{"line":31,"column":3}},"line":28},"2":{"name":"(anonymous_2)","decl":{"start":{"line":33,"column":2},"end":{"line":33,"column":3}},"loc":{"start":{"line":33,"column":20},"end":{"line":55,"column":3}},"line":33},"3":{"name":"(anonymous_3)","decl":{"start":{"line":35,"column":12},"end":{"line":35,"column":13}},"loc":{"start":{"line":35,"column":24},"end":{"line":51,"column":7}},"line":35},"4":{"name":"(anonymous_4)","decl":{"start":{"line":52,"column":13},"end":{"line":52,"column":14}},"loc":{"start":{"line":52,"column":24},"end":{"line":54,"column":7}},"line":52},"5":{"name":"(anonymous_5)","decl":{"start":{"line":57,"column":2},"end":{"line":57,"column":3}},"loc":{"start":{"line":57,"column":22},"end":{"line":78,"column":3}},"line":57},"6":{"name":"(anonymous_6)","decl":{"start":{"line":59,"column":12},"end":{"line":59,"column":13}},"loc":{"start":{"line":59,"column":26},"end":{"line":74,"column":7}},"line":59},"7":{"name":"(anonymous_7)","decl":{"start":{"line":75,"column":13},"end":{"line":75,"column":14}},"loc":{"start":{"line":75,"column":24},"end":{"line":77,"column":7}},"line":75},"8":{"name":"(anonymous_8)","decl":{"start":{"line":80,"column":2},"end":{"line":80,"column":3}},"loc":{"start":{"line":80,"column":22},"end":{"line":83,"column":3}},"line":80},"9":{"name":"(anonymous_9)","decl":{"start":{"line":85,"column":2},"end":{"line":85,"column":3}},"loc":{"start":{"line":85,"column":11},"end":{"line":109,"column":3}},"line":85}},"branchMap":{"0":{"loc":{"start":{"line":39,"column":10},"end":{"line":42,"column":11}},"type":"if","locations":[{"start":{"line":39,"column":10},"end":{"line":42,"column":11}},{"start":{},"end":{}}],"line":39},"1":{"loc":{"start":{"line":44,"column":8},"end":{"line":46,"column":9}},"type":"if","locations":[{"start":{"line":44,"column":8},"end":{"line":46,"column":9}},{"start":{},"end":{}}],"line":44},"2":{"loc":{"start":{"line":62,"column":8},"end":{"line":73,"column":9}},"type":"if","locations":[{"start":{"line":62,"column":8},"end":{"line":73,"column":9}},{"start":{},"end":{}}],"line":62},"3":{"loc":{"start":{"line":91,"column":11},"end":{"line":91,"column":216}},"type":"cond-expr","locations":[{"start":{"line":91,"column":42},"end":{"line":91,"column":124}},{"start":{"line":91,"column":127},"end":{"line":91,"column":216}}],"line":91},"4":{"loc":{"start":{"line":97,"column":11},"end":{"line":103,"column":83}},"type":"cond-expr","locations":[{"start":{"line":98,"column":12},"end":{"line":101,"column":18}},{"start":{"line":103,"column":12},"end":{"line":103,"column":83}}],"line":97},"5":{"loc":{"start":{"line":97,"column":11},"end":{"line":97,"column":65}},"type":"binary-expr","locations":[{"start":{"line":97,"column":11},"end":{"line":97,"column":38}},{"start":{"line":97,"column":42},"end":{"line":97,"column":65}}],"line":97}},"s":{"0":0,"1":0,"2":0,"3":0,"4":0,"5":0,"6":0,"7":0,"8":0,"9":0,"10":0,"11":0,"12":0,"13":0,"14":0,"15":0,"16":0,"17":0,"18":0,"19":0,"20":0,"21":0,"22":0,"23":0,"24":0,"25":0,"26":0,"27":0,"28":0,"29":0,"30":0,"31":0,"32":0},"f":{"0":0,"1":0,"2":0,"3":0,"4":0,"5":0,"6":0,"7":0,"8":0,"9":0},"b":{"0":[0,0],"1":[0,0],"2":[0,0],"3":[0,0],"4":[0,0],"5":[0,0]},"_coverageSchema":"1a1c01bbd47fc00a2c39e90264f33305004495a9","hash":"1efdfd7fde8d31b5d6150f8c9bbd6f98760db084"}
,"/Users/sunheal/Bootcamp/FEC/Project-Atelier/client/src/components/relatedProduct/RelatedProducts.jsx": {"path":"/Users/sunheal/Bootcamp/FEC/Project-Atelier/client/src/components/relatedProduct/RelatedProducts.jsx","statementMap":{"0":{"start":{"line":9,"column":4},"end":{"line":9,"column":17}},"1":{"start":{"line":10,"column":4},"end":{"line":10,"column":20}},"2":{"start":{"line":14,"column":115},"end":{"line":14,"column":125}},"3":{"start":{"line":15,"column":4},"end":{"line":22,"column":6}}},"fnMap":{"0":{"name":"(anonymous_0)","decl":{"start":{"line":8,"column":2},"end":{"line":8,"column":3}},"loc":{"start":{"line":8,"column":21},"end":{"line":11,"column":3}},"line":8},"1":{"name":"(anonymous_1)","decl":{"start":{"line":13,"column":2},"end":{"line":13,"column":3}},"loc":{"start":{"line":13,"column":11},"end":{"line":23,"column":3}},"line":13}},"branchMap":{},"s":{"0":2,"1":2,"2":2,"3":2},"f":{"0":2,"1":2},"b":{},"_coverageSchema":"1a1c01bbd47fc00a2c39e90264f33305004495a9","hash":"0b136d56894cb0e0648d1bdb46da08d76743959b"}
,"/Users/sunheal/Bootcamp/FEC/Project-Atelier/client/src/components/relatedProduct/RelatedProductsList.jsx": {"path":"/Users/sunheal/Bootcamp/FEC/Project-Atelier/client/src/components/relatedProduct/RelatedProductsList.jsx","statementMap":{"0":{"start":{"line":12,"column":4},"end":{"line":12,"column":17}},"1":{"start":{"line":13,"column":4},"end":{"line":18,"column":6}},"2":{"start":{"line":19,"column":4},"end":{"line":19,"column":45}},"3":{"start":{"line":20,"column":4},"end":{"line":20,"column":47}},"4":{"start":{"line":21,"column":4},"end":{"line":21,"column":51}},"5":{"start":{"line":22,"column":4},"end":{"line":22,"column":49}},"6":{"start":{"line":26,"column":22},"end":{"line":26,"column":53}},"7":{"start":{"line":27,"column":19},"end":{"line":27,"column":47}},"8":{"start":{"line":28,"column":4},"end":{"line":31,"column":7}},"9":{"start":{"line":35,"column":22},"end":{"line":35,"column":53}},"10":{"start":{"line":36,"column":19},"end":{"line":36,"column":47}},"11":{"start":{"line":37,"column":4},"end":{"line":40,"column":7}},"12":{"start":{"line":44,"column":4},"end":{"line":47,"column":7}},"13":{"start":{"line":51,"column":4},"end":{"line":53,"column":7}},"14":{"start":{"line":57,"column":76},"end":{"line":57,"column":86}},"15":{"start":{"line":58,"column":103},"end":{"line":58,"column":113}},"16":{"start":{"line":60,"column":4},"end":{"line":69,"column":5}},"17":{"start":{"line":61,"column":6},"end":{"line":68,"column":10}},"18":{"start":{"line":71,"column":4},"end":{"line":87,"column":6}},"19":{"start":{"line":80,"column":14},"end":{"line":80,"column":205}}},"fnMap":{"0":{"name":"(anonymous_0)","decl":{"start":{"line":11,"column":2},"end":{"line":11,"column":3}},"loc":{"start":{"line":11,"column":21},"end":{"line":23,"column":3}},"line":11},"1":{"name":"(anonymous_1)","decl":{"start":{"line":25,"column":2},"end":{"line":25,"column":3}},"loc":{"start":{"line":25,"column":14},"end":{"line":32,"column":3}},"line":25},"2":{"name":"(anonymous_2)","decl":{"start":{"line":34,"column":2},"end":{"line":34,"column":3}},"loc":{"start":{"line":34,"column":13},"end":{"line":41,"column":3}},"line":34},"3":{"name":"(anonymous_3)","decl":{"start":{"line":43,"column":2},"end":{"line":43,"column":3}},"loc":{"start":{"line":43,"column":54},"end":{"line":48,"column":3}},"line":43},"4":{"name":"(anonymous_4)","decl":{"start":{"line":50,"column":2},"end":{"line":50,"column":3}},"loc":{"start":{"line":50,"column":15},"end":{"line":54,"column":3}},"line":50},"5":{"name":"(anonymous_5)","decl":{"start":{"line":56,"column":2},"end":{"line":56,"column":3}},"loc":{"start":{"line":56,"column":11},"end":{"line":88,"column":3}},"line":56},"6":{"name":"(anonymous_6)","decl":{"start":{"line":79,"column":37},"end":{"line":79,"column":38}},"loc":{"start":{"line":80,"column":14},"end":{"line":80,"column":205}},"line":80}},"branchMap":{"0":{"loc":{"start":{"line":60,"column":4},"end":{"line":69,"column":5}},"type":"if","locations":[{"start":{"line":60,"column":4},"end":{"line":69,"column":5}},{"start":{},"end":{}}],"line":60},"1":{"loc":{"start":{"line":77,"column":11},"end":{"line":77,"column":121}},"type":"cond-expr","locations":[{"start":{"line":77,"column":33},"end":{"line":77,"column":37}},{"start":{"line":77,"column":40},"end":{"line":77,"column":121}}],"line":77},"2":{"loc":{"start":{"line":83,"column":11},"end":{"line":83,"column":152}},"type":"cond-expr","locations":[{"start":{"line":83,"column":61},"end":{"line":83,"column":65}},{"start":{"line":83,"column":68},"end":{"line":83,"column":152}}],"line":83},"3":{"loc":{"start":{"line":85,"column":9},"end":{"line":85,"column":99}},"type":"cond-expr","locations":[{"start":{"line":85,"column":21},"end":{"line":85,"column":92}},{"start":{"line":85,"column":95},"end":{"line":85,"column":99}}],"line":85}},"s":{"0":4,"1":4,"2":4,"3":4,"4":4,"5":4,"6":0,"7":0,"8":0,"9":0,"10":0,"11":0,"12":0,"13":0,"14":4,"15":4,"16":4,"17":0,"18":0,"19":0},"f":{"0":4,"1":0,"2":0,"3":0,"4":0,"5":4,"6":0},"b":{"0":[0,0],"1":[0,0],"2":[0,0],"3":[0,0]},"_coverageSchema":"1a1c01bbd47fc00a2c39e90264f33305004495a9","hash":"70e63165d9a88060f7f0de844052316811e69b06"}
,"/Users/sunheal/Bootcamp/FEC/Project-Atelier/client/src/components/relatedProduct/ProductCard/PreviewImages.jsx": {"path":"/Users/sunheal/Bootcamp/FEC/Project-Atelier/client/src/components/relatedProduct/ProductCard/PreviewImages.jsx","statementMap":{"0":{"start":{"line":3,"column":22},"end":{"line":9,"column":1}},"1":{"start":{"line":4,"column":2},"end":{"line":8,"column":3}}},"fnMap":{"0":{"name":"(anonymous_0)","decl":{"start":{"line":3,"column":22},"end":{"line":3,"column":23}},"loc":{"start":{"line":3,"column":33},"end":{"line":9,"column":1}},"line":3}},"branchMap":{},"s":{"0":1,"1":0},"f":{"0":0},"b":{},"_coverageSchema":"1a1c01bbd47fc00a2c39e90264f33305004495a9","hash":"db40fd01f1666d61e8bfa3cd9530e088e5eaf137"}
,"/Users/sunheal/Bootcamp/FEC/Project-Atelier/client/src/service/index.js": {"path":"/Users/sunheal/Bootcamp/FEC/Project-Atelier/client/src/service/index.js","statementMap":{"0":{"start":{"line":2,"column":16},"end":{"line":2,"column":39}},"1":{"start":{"line":4,"column":25},"end":{"line":7,"column":1}},"2":{"start":{"line":5,"column":14},"end":{"line":5,"column":64}},"3":{"start":{"line":6,"column":2},"end":{"line":6,"column":24}},"4":{"start":{"line":9,"column":31},"end":{"line":12,"column":1}},"5":{"start":{"line":10,"column":14},"end":{"line":10,"column":62}},"6":{"start":{"line":11,"column":2},"end":{"line":11,"column":24}},"7":{"start":{"line":14,"column":29},"end":{"line":17,"column":1}},"8":{"start":{"line":15,"column":14},"end":{"line":15,"column":61}},"9":{"start":{"line":16,"column":2},"end":{"line":16,"column":24}},"10":{"start":{"line":19,"column":37},"end":{"line":22,"column":1}},"11":{"start":{"line":20,"column":14},"end":{"line":20,"column":58}},"12":{"start":{"line":21,"column":2},"end":{"line":21,"column":24}},"13":{"start":{"line":24,"column":35},"end":{"line":27,"column":1}},"14":{"start":{"line":25,"column":14},"end":{"line":25,"column":57}},"15":{"start":{"line":26,"column":2},"end":{"line":26,"column":24}},"16":{"start":{"line":29,"column":27},"end":{"line":31,"column":1}},"17":{"start":{"line":30,"column":2},"end":{"line":30,"column":24}},"18":{"start":{"line":32,"column":25},"end":{"line":35,"column":1}},"19":{"start":{"line":33,"column":14},"end":{"line":33,"column":62}},"20":{"start":{"line":34,"column":2},"end":{"line":34,"column":31}},"21":{"start":{"line":37,"column":27},"end":{"line":40,"column":1}},"22":{"start":{"line":38,"column":14},"end":{"line":38,"column":39}},"23":{"start":{"line":39,"column":2},"end":{"line":39,"column":31}}},"fnMap":{"0":{"name":"(anonymous_0)","decl":{"start":{"line":4,"column":25},"end":{"line":4,"column":26}},"loc":{"start":{"line":4,"column":41},"end":{"line":7,"column":1}},"line":4},"1":{"name":"(anonymous_1)","decl":{"start":{"line":9,"column":31},"end":{"line":9,"column":32}},"loc":{"start":{"line":9,"column":48},"end":{"line":12,"column":1}},"line":9},"2":{"name":"(anonymous_2)","decl":{"start":{"line":14,"column":29},"end":{"line":14,"column":30}},"loc":{"start":{"line":14,"column":46},"end":{"line":17,"column":1}},"line":14},"3":{"name":"(anonymous_3)","decl":{"start":{"line":19,"column":37},"end":{"line":19,"column":38}},"loc":{"start":{"line":19,"column":52},"end":{"line":22,"column":1}},"line":19},"4":{"name":"(anonymous_4)","decl":{"start":{"line":24,"column":35},"end":{"line":24,"column":36}},"loc":{"start":{"line":24,"column":50},"end":{"line":27,"column":1}},"line":24},"5":{"name":"(anonymous_5)","decl":{"start":{"line":29,"column":27},"end":{"line":29,"column":28}},"loc":{"start":{"line":29,"column":40},"end":{"line":31,"column":1}},"line":29},"6":{"name":"(anonymous_6)","decl":{"start":{"line":32,"column":25},"end":{"line":32,"column":26}},"loc":{"start":{"line":32,"column":48},"end":{"line":35,"column":1}},"line":32},"7":{"name":"(anonymous_7)","decl":{"start":{"line":37,"column":27},"end":{"line":37,"column":28}},"loc":{"start":{"line":37,"column":37},"end":{"line":40,"column":1}},"line":37}},"branchMap":{},"s":{"0":1,"1":1,"2":1,"3":1,"4":1,"5":0,"6":0,"7":1,"8":0,"9":0,"10":1,"11":0,"12":0,"13":1,"14":0,"15":0,"16":1,"17":0,"18":1,"19":0,"20":0,"21":1,"22":0,"23":0},"f":{"0":1,"1":0,"2":0,"3":0,"4":0,"5":0,"6":0,"7":0},"b":{},"_coverageSchema":"1a1c01bbd47fc00a2c39e90264f33305004495a9","hash":"5a0d20514c784076bec53e47d79848b541981b00"}
}
